2024-09-25 11:00:15	INFO	::casa	
2024-09-25 11:00:15	INFO	::casa	
2024-09-25 11:00:15	INFO	::casa	
2024-09-25 11:00:15	INFO	::casa	
2024-09-25 11:00:16	INFO	::casa	Python version 3.8.10
2024-09-25 11:00:16	INFO	::casa	CASA Version CASALITH 6.5.0.15
2024-09-25 11:00:16	INFO	::casa	
2024-09-25 11:00:16	INFO	::casa	Telemetry log file: /home/cricap/.casa/casastats-6.5.0.15-0155d283b63-20240925-110015.log
2024-09-25 11:00:16	INFO	::casa	Checking telemetry submission interval
2024-09-25 11:00:16	INFO	::casa	Creating a new telemetry time stamp file./home/cricap/.casa/telemetry-0155d283b63.stamp
2024-09-25 11:00:16	INFO	::casa	Telemetry submit interval not reached. Not submitting data.
2024-09-25 11:00:16	INFO	::casa	Next telemetry data submission in: 6 days, 23:59:59.981608
2024-09-25 11:00:16	INFO	::casa	
2024-09-25 11:00:16	INFO	::casa	optional configuration file config.py not found, continuing CASA startup without it
2024-09-25 11:00:16	INFO	::casa	
2024-09-25 11:00:16	INFO	::casa	Checking Measures tables in data repository sub-directory /home/cricap/multiwavelength-lab/radio-lab/CASA/casa-6.5.0-15-py3.8/lib/py/lib/python3.8/site-packages/casadata/__data__/geodetic
2024-09-25 11:00:16	INFO	::casa	  IERSeop2000 (version date, last date in table (UTC)): 2022/05/19/15:00, 2022/04/19/00:00:00
2024-09-25 11:00:16	INFO	::casa	  IERSeop97 (version date, last date in table (UTC)): 2022/05/19/15:00, 2022/04/19/00:00:00
2024-09-25 11:00:16	INFO	::casa	  IERSpredict (version date, last date in table (UTC)): 2022/05/22/15:00, 2022/08/20/00:00:00
2024-09-25 11:00:16	INFO	::casa	  TAI_UTC (version date, last date in table (UTC)): 2022/05/19/15:00, 2017/01/01/00:00:00
